<?xml version="1.0" encoding="UTF-8"?>
<!-- Generated by org.testng.reporters.JUnitXMLReporter -->
<testsuite ignored="0" hostname="DELLi310GEN" failures="0" tests="4" name="Default test" time="25.403" errors="0" timestamp="2023-11-19T20:12:02 IST">
  <testcase classname="automationScripts.LoginModule" name="TC1_ValidLogin" time="2.001"/>
  <testcase classname="automationScripts.LoginModule" name="TC2_Logout" time="2.566"/>
  <testcase classname="automationScripts.LoginModule" name="TC3_InvalidLogin" time="1.763"/>
  <testcase classname="automationScripts.LoginModule" name="TC4_RESET" time="1.364"/>
</testsuite> <!-- Default test -->
