<?xml version="1.0" encoding="UTF-8"?>
<!-- Generated by org.testng.reporters.JUnitXMLReporter -->
<testsuite ignored="0" hostname="DELLi310GEN" failures="0" tests="4" name="Default test" time="23.719" errors="0" timestamp="2023-11-19T11:36:19 IST">
  <testcase classname="automationScripts.LoginModule" name="TC1_ValidLogin" time="1.924"/>
  <testcase classname="automationScripts.LoginModule" name="TC2_Logout" time="1.766"/>
  <testcase classname="automationScripts.LoginModule" name="TC3_InvalidLogin" time="1.748"/>
  <testcase classname="automationScripts.LoginModule" name="TC4_RESET" time="1.304"/>
</testsuite> <!-- Default test -->
