<?xml version="1.0" encoding="UTF-8"?>
<!-- Generated by org.testng.reporters.JUnitXMLReporter -->
<testsuite ignored="0" hostname="DELLi310GEN" failures="0" tests="7" name="HomePage Module" time="41.433" errors="0" timestamp="2023-11-19T11:22:42 IST">
  <testcase classname="automationScripts.HomePageModule" name="TC10_AccessToPurchasesPage" time="0.659"/>
  <testcase classname="automationScripts.HomePageModule" name="TC11_AccessToSalesPage" time="0.818"/>
  <testcase classname="automationScripts.HomePageModule" name="TC5_AccessToStockItemsPage" time="0.728"/>
  <testcase classname="automationScripts.HomePageModule" name="TC6_AccessToCustomersPage" time="0.834"/>
  <testcase classname="automationScripts.HomePageModule" name="TC7_AccessToStockCategoriesPage" time="0.872"/>
  <testcase classname="automationScripts.HomePageModule" name="TC8_AccessToUOMPage" time="0.935"/>
  <testcase classname="automationScripts.HomePageModule" name="TC9_AccessToSuppliersPage" time="0.827"/>
</testsuite> <!-- HomePage Module -->
