<?xml version="1.0" encoding="UTF-8"?>
<!-- Generated by org.testng.reporters.JUnitXMLReporter -->
<testsuite ignored="0" hostname="DELLi310GEN" failures="0" tests="4" name="Login Module" time="27.611" errors="0" timestamp="2023-11-19T11:22:00 IST">
  <testcase classname="automationScripts.LoginModule" name="TC1_ValidLogin" time="1.975"/>
  <testcase classname="automationScripts.LoginModule" name="TC2_Logout" time="2.442"/>
  <testcase classname="automationScripts.LoginModule" name="TC3_InvalidLogin" time="1.714"/>
  <testcase classname="automationScripts.LoginModule" name="TC4_RESET" time="1.324"/>
</testsuite> <!-- Login Module -->
