<?xml version="1.0" encoding="UTF-8"?>
<testng-results ignored="0" total="4" passed="4" failed="0" skipped="0">
  <reporter-output>
  </reporter-output>
  <suite started-at="2023-11-19T11:35:56 IST" name="Default suite" finished-at="2023-11-19T11:36:19 IST" duration-ms="23719">
    <groups>
    </groups>
    <test started-at="2023-11-19T11:35:56 IST" name="Default test" finished-at="2023-11-19T11:36:19 IST" duration-ms="23719">
      <class name="automationScripts.LoginModule">
        <test-method is-config="true" signature="setUp()[pri:0, instance:automationScripts.LoginModule@54422e18]" started-at="2023-11-19T11:35:56 IST" name="setUp" finished-at="2023-11-19T11:35:56 IST" duration-ms="428" status="PASS">
          <reporter-output>
          </reporter-output>
        </test-method> <!-- setUp -->
        <test-method is-config="true" signature="setup()[pri:0, instance:automationScripts.LoginModule@54422e18]" started-at="2023-11-19T11:35:57 IST" name="setup" finished-at="2023-11-19T11:36:02 IST" duration-ms="5272" status="PASS">
          <reporter-output>
          </reporter-output>
        </test-method> <!-- setup -->
        <test-method signature="TC1_ValidLogin(java.lang.String,java.lang.String,java.lang.String)[pri:0, instance:automationScripts.LoginModule@54422e18]" started-at="2023-11-19T11:36:02 IST" name="TC1_ValidLogin" data-provider="excelData" finished-at="2023-11-19T11:36:04 IST" duration-ms="1924" status="PASS">
          <params>
            <param index="0">
              <value>
                <![CDATA[admin]]>
              </value>
            </param>
            <param index="1">
              <value>
                <![CDATA[master]]>
              </value>
            </param>
            <param index="2">
              <value>
                <![CDATA[http://webapp.qedgetech.com/login.php]]>
              </value>
            </param>
          </params>
          <reporter-output>
          </reporter-output>
        </test-method> <!-- TC1_ValidLogin -->
        <test-method is-config="true" signature="closeApp(org.testng.ITestResult)[pri:0, instance:automationScripts.LoginModule@54422e18]" started-at="2023-11-19T11:36:04 IST" name="closeApp" finished-at="2023-11-19T11:36:04 IST" duration-ms="595" status="PASS">
          <params>
            <param index="0">
              <value>
                <![CDATA[[TestResult name=TC1_ValidLogin status=SUCCESS method=LoginModule.TC1_ValidLogin(java.lang.String,java.lang.String,java.lang.String)[pri:0, instance:automationScripts.LoginModule@54422e18] output={null}]]]>
              </value>
            </param>
          </params>
          <reporter-output>
          </reporter-output>
        </test-method> <!-- closeApp -->
        <test-method is-config="true" signature="setup()[pri:0, instance:automationScripts.LoginModule@54422e18]" started-at="2023-11-19T11:36:05 IST" name="setup" finished-at="2023-11-19T11:36:08 IST" duration-ms="3486" status="PASS">
          <reporter-output>
          </reporter-output>
        </test-method> <!-- setup -->
        <test-method signature="TC2_Logout(java.lang.String,java.lang.String,java.lang.String)[pri:0, instance:automationScripts.LoginModule@54422e18]" started-at="2023-11-19T11:36:08 IST" name="TC2_Logout" data-provider="excelData" finished-at="2023-11-19T11:36:10 IST" duration-ms="1766" status="PASS">
          <params>
            <param index="0">
              <value>
                <![CDATA[admin]]>
              </value>
            </param>
            <param index="1">
              <value>
                <![CDATA[master]]>
              </value>
            </param>
            <param index="2">
              <value>
                <![CDATA[http://webapp.qedgetech.com/login.php]]>
              </value>
            </param>
          </params>
          <reporter-output>
          </reporter-output>
        </test-method> <!-- TC2_Logout -->
        <test-method is-config="true" signature="closeApp(org.testng.ITestResult)[pri:0, instance:automationScripts.LoginModule@54422e18]" started-at="2023-11-19T11:36:10 IST" name="closeApp" finished-at="2023-11-19T11:36:10 IST" duration-ms="345" status="PASS">
          <params>
            <param index="0">
              <value>
                <![CDATA[[TestResult name=TC2_Logout status=SUCCESS method=LoginModule.TC2_Logout(java.lang.String,java.lang.String,java.lang.String)[pri:0, instance:automationScripts.LoginModule@54422e18] output={null}]]]>
              </value>
            </param>
          </params>
          <reporter-output>
          </reporter-output>
        </test-method> <!-- closeApp -->
        <test-method is-config="true" signature="setup()[pri:0, instance:automationScripts.LoginModule@54422e18]" started-at="2023-11-19T11:36:10 IST" name="setup" finished-at="2023-11-19T11:36:13 IST" duration-ms="2729" status="PASS">
          <reporter-output>
          </reporter-output>
        </test-method> <!-- setup -->
        <test-method signature="TC3_InvalidLogin(java.lang.String,java.lang.String,java.lang.String)[pri:0, instance:automationScripts.LoginModule@54422e18]" started-at="2023-11-19T11:36:13 IST" name="TC3_InvalidLogin" data-provider="excelData" finished-at="2023-11-19T11:36:15 IST" duration-ms="1748" status="PASS">
          <params>
            <param index="0">
              <value>
                <![CDATA[admin]]>
              </value>
            </param>
            <param index="1">
              <value>
                <![CDATA[master]]>
              </value>
            </param>
            <param index="2">
              <value>
                <![CDATA[http://webapp.qedgetech.com/login.php]]>
              </value>
            </param>
          </params>
          <reporter-output>
          </reporter-output>
        </test-method> <!-- TC3_InvalidLogin -->
        <test-method is-config="true" signature="closeApp(org.testng.ITestResult)[pri:0, instance:automationScripts.LoginModule@54422e18]" started-at="2023-11-19T11:36:15 IST" name="closeApp" finished-at="2023-11-19T11:36:15 IST" duration-ms="263" status="PASS">
          <params>
            <param index="0">
              <value>
                <![CDATA[[TestResult name=TC3_InvalidLogin status=SUCCESS method=LoginModule.TC3_InvalidLogin(java.lang.String,java.lang.String,java.lang.String)[pri:0, instance:automationScripts.LoginModule@54422e18] output={null}]]]>
              </value>
            </param>
          </params>
          <reporter-output>
          </reporter-output>
        </test-method> <!-- closeApp -->
        <test-method is-config="true" signature="setup()[pri:0, instance:automationScripts.LoginModule@54422e18]" started-at="2023-11-19T11:36:15 IST" name="setup" finished-at="2023-11-19T11:36:18 IST" duration-ms="2749" status="PASS">
          <reporter-output>
          </reporter-output>
        </test-method> <!-- setup -->
        <test-method signature="TC4_RESET(java.lang.String,java.lang.String,java.lang.String)[pri:0, instance:automationScripts.LoginModule@54422e18]" started-at="2023-11-19T11:36:18 IST" name="TC4_RESET" data-provider="excelData" finished-at="2023-11-19T11:36:19 IST" duration-ms="1304" status="PASS">
          <params>
            <param index="0">
              <value>
                <![CDATA[admin]]>
              </value>
            </param>
            <param index="1">
              <value>
                <![CDATA[master]]>
              </value>
            </param>
            <param index="2">
              <value>
                <![CDATA[http://webapp.qedgetech.com/login.php]]>
              </value>
            </param>
          </params>
          <reporter-output>
          </reporter-output>
        </test-method> <!-- TC4_RESET -->
        <test-method is-config="true" signature="closeApp(org.testng.ITestResult)[pri:0, instance:automationScripts.LoginModule@54422e18]" started-at="2023-11-19T11:36:19 IST" name="closeApp" finished-at="2023-11-19T11:36:19 IST" duration-ms="274" status="PASS">
          <params>
            <param index="0">
              <value>
                <![CDATA[[TestResult name=TC4_RESET status=SUCCESS method=LoginModule.TC4_RESET(java.lang.String,java.lang.String,java.lang.String)[pri:0, instance:automationScripts.LoginModule@54422e18] output={null}]]]>
              </value>
            </param>
          </params>
          <reporter-output>
          </reporter-output>
        </test-method> <!-- closeApp -->
      </class> <!-- automationScripts.LoginModule -->
    </test> <!-- Default test -->
  </suite> <!-- Default suite -->
</testng-results>
