<?xml version="1.0" encoding="UTF-8"?>
<testng-results ignored="0" total="4" passed="4" failed="0" skipped="0">
  <reporter-output>
  </reporter-output>
  <suite started-at="2023-11-19T20:11:36 IST" name="Default suite" finished-at="2023-11-19T20:12:02 IST" duration-ms="25403">
    <groups>
    </groups>
    <test started-at="2023-11-19T20:11:36 IST" name="Default test" finished-at="2023-11-19T20:12:02 IST" duration-ms="25403">
      <class name="automationScripts.LoginModule">
        <test-method is-config="true" signature="setUp()[pri:0, instance:automationScripts.LoginModule@54422e18]" started-at="2023-11-19T20:11:37 IST" name="setUp" finished-at="2023-11-19T20:11:37 IST" duration-ms="332" status="PASS">
          <reporter-output>
          </reporter-output>
        </test-method> <!-- setUp -->
        <test-method is-config="true" signature="setup()[pri:0, instance:automationScripts.LoginModule@54422e18]" started-at="2023-11-19T20:11:38 IST" name="setup" finished-at="2023-11-19T20:11:43 IST" duration-ms="5051" status="PASS">
          <reporter-output>
          </reporter-output>
        </test-method> <!-- setup -->
        <test-method signature="TC1_ValidLogin(java.lang.String,java.lang.String,java.lang.String)[pri:0, instance:automationScripts.LoginModule@54422e18]" started-at="2023-11-19T20:11:43 IST" name="TC1_ValidLogin" data-provider="excelData" finished-at="2023-11-19T20:11:45 IST" duration-ms="2001" status="PASS">
          <params>
            <param index="0">
              <value>
                <![CDATA[admin]]>
              </value>
            </param>
            <param index="1">
              <value>
                <![CDATA[master]]>
              </value>
            </param>
            <param index="2">
              <value>
                <![CDATA[http://webapp.qedgetech.com/login.php]]>
              </value>
            </param>
          </params>
          <reporter-output>
          </reporter-output>
        </test-method> <!-- TC1_ValidLogin -->
        <test-method is-config="true" signature="closeApp(org.testng.ITestResult)[pri:0, instance:automationScripts.LoginModule@54422e18]" started-at="2023-11-19T20:11:45 IST" name="closeApp" finished-at="2023-11-19T20:11:45 IST" duration-ms="723" status="PASS">
          <params>
            <param index="0">
              <value>
                <![CDATA[[TestResult name=TC1_ValidLogin status=SUCCESS method=LoginModule.TC1_ValidLogin(java.lang.String,java.lang.String,java.lang.String)[pri:0, instance:automationScripts.LoginModule@54422e18] output={null}]]]>
              </value>
            </param>
          </params>
          <reporter-output>
          </reporter-output>
        </test-method> <!-- closeApp -->
        <test-method is-config="true" signature="setup()[pri:0, instance:automationScripts.LoginModule@54422e18]" started-at="2023-11-19T20:11:45 IST" name="setup" finished-at="2023-11-19T20:11:48 IST" duration-ms="3009" status="PASS">
          <reporter-output>
          </reporter-output>
        </test-method> <!-- setup -->
        <test-method signature="TC2_Logout(java.lang.String,java.lang.String,java.lang.String)[pri:0, instance:automationScripts.LoginModule@54422e18]" started-at="2023-11-19T20:11:48 IST" name="TC2_Logout" data-provider="excelData" finished-at="2023-11-19T20:11:51 IST" duration-ms="2566" status="PASS">
          <params>
            <param index="0">
              <value>
                <![CDATA[admin]]>
              </value>
            </param>
            <param index="1">
              <value>
                <![CDATA[master]]>
              </value>
            </param>
            <param index="2">
              <value>
                <![CDATA[http://webapp.qedgetech.com/login.php]]>
              </value>
            </param>
          </params>
          <reporter-output>
          </reporter-output>
        </test-method> <!-- TC2_Logout -->
        <test-method is-config="true" signature="closeApp(org.testng.ITestResult)[pri:0, instance:automationScripts.LoginModule@54422e18]" started-at="2023-11-19T20:11:51 IST" name="closeApp" finished-at="2023-11-19T20:11:52 IST" duration-ms="582" status="PASS">
          <params>
            <param index="0">
              <value>
                <![CDATA[[TestResult name=TC2_Logout status=SUCCESS method=LoginModule.TC2_Logout(java.lang.String,java.lang.String,java.lang.String)[pri:0, instance:automationScripts.LoginModule@54422e18] output={null}]]]>
              </value>
            </param>
          </params>
          <reporter-output>
          </reporter-output>
        </test-method> <!-- closeApp -->
        <test-method is-config="true" signature="setup()[pri:0, instance:automationScripts.LoginModule@54422e18]" started-at="2023-11-19T20:11:52 IST" name="setup" finished-at="2023-11-19T20:11:55 IST" duration-ms="3340" status="PASS">
          <reporter-output>
          </reporter-output>
        </test-method> <!-- setup -->
        <test-method signature="TC3_InvalidLogin(java.lang.String,java.lang.String,java.lang.String)[pri:0, instance:automationScripts.LoginModule@54422e18]" started-at="2023-11-19T20:11:55 IST" name="TC3_InvalidLogin" data-provider="excelData" finished-at="2023-11-19T20:11:57 IST" duration-ms="1763" status="PASS">
          <params>
            <param index="0">
              <value>
                <![CDATA[admin]]>
              </value>
            </param>
            <param index="1">
              <value>
                <![CDATA[master]]>
              </value>
            </param>
            <param index="2">
              <value>
                <![CDATA[http://webapp.qedgetech.com/login.php]]>
              </value>
            </param>
          </params>
          <reporter-output>
          </reporter-output>
        </test-method> <!-- TC3_InvalidLogin -->
        <test-method is-config="true" signature="closeApp(org.testng.ITestResult)[pri:0, instance:automationScripts.LoginModule@54422e18]" started-at="2023-11-19T20:11:57 IST" name="closeApp" finished-at="2023-11-19T20:11:57 IST" duration-ms="330" status="PASS">
          <params>
            <param index="0">
              <value>
                <![CDATA[[TestResult name=TC3_InvalidLogin status=SUCCESS method=LoginModule.TC3_InvalidLogin(java.lang.String,java.lang.String,java.lang.String)[pri:0, instance:automationScripts.LoginModule@54422e18] output={null}]]]>
              </value>
            </param>
          </params>
          <reporter-output>
          </reporter-output>
        </test-method> <!-- closeApp -->
        <test-method is-config="true" signature="setup()[pri:0, instance:automationScripts.LoginModule@54422e18]" started-at="2023-11-19T20:11:57 IST" name="setup" finished-at="2023-11-19T20:12:00 IST" duration-ms="3103" status="PASS">
          <reporter-output>
          </reporter-output>
        </test-method> <!-- setup -->
        <test-method signature="TC4_RESET(java.lang.String,java.lang.String,java.lang.String)[pri:0, instance:automationScripts.LoginModule@54422e18]" started-at="2023-11-19T20:12:00 IST" name="TC4_RESET" data-provider="excelData" finished-at="2023-11-19T20:12:02 IST" duration-ms="1364" status="PASS">
          <params>
            <param index="0">
              <value>
                <![CDATA[admin]]>
              </value>
            </param>
            <param index="1">
              <value>
                <![CDATA[master]]>
              </value>
            </param>
            <param index="2">
              <value>
                <![CDATA[http://webapp.qedgetech.com/login.php]]>
              </value>
            </param>
          </params>
          <reporter-output>
          </reporter-output>
        </test-method> <!-- TC4_RESET -->
        <test-method is-config="true" signature="closeApp(org.testng.ITestResult)[pri:0, instance:automationScripts.LoginModule@54422e18]" started-at="2023-11-19T20:12:02 IST" name="closeApp" finished-at="2023-11-19T20:12:02 IST" duration-ms="264" status="PASS">
          <params>
            <param index="0">
              <value>
                <![CDATA[[TestResult name=TC4_RESET status=SUCCESS method=LoginModule.TC4_RESET(java.lang.String,java.lang.String,java.lang.String)[pri:0, instance:automationScripts.LoginModule@54422e18] output={null}]]]>
              </value>
            </param>
          </params>
          <reporter-output>
          </reporter-output>
        </test-method> <!-- closeApp -->
      </class> <!-- automationScripts.LoginModule -->
    </test> <!-- Default test -->
  </suite> <!-- Default suite -->
</testng-results>
